<?xml version="1.0" encoding="UTF-8"?>
<!-- Generated by org.testng.reporters.JUnitReportReporter -->
<testsuite hostname="123-PC" name="test.NewTest" tests="1" failures="0" timestamp="27 May 2019 09:53:34 GMT" time="20.610" errors="0">
  <testcase name="openMyBlog" time="20.610" classname="test.NewTest"/>
</testsuite> <!-- test.NewTest -->
