<?xml version="1.0" encoding="UTF-8"?>
<!-- Generated by org.testng.reporters.JUnitReportReporter -->
<testsuite skipped="0" hostname="123-PC" name="test.NewTest" tests="1" failures="0" timestamp="28 May 2019 09:17:19 GMT" time="23.170" errors="0">
  <testcase name="openMyBlog" time="23.170" classname="test.NewTest"/>
</testsuite> <!-- test.NewTest -->
